<?xml version="1.0" encoding="UTF-8"?>
<!-- Generated by org.testng.reporters.JUnitReportReporter -->
<testsuite hostname="DESKTOP-C7JRHPB" failures="0" tests="5" name="TestNG.TestNG_invocation_Count" time="0.040" errors="0" timestamp="2024-11-20T15:44:33 IST" skipped="0">
  <testcase classname="TestNG.TestNG_invocation_Count" name="A" time="0.027"/>
  <testcase classname="TestNG.TestNG_invocation_Count" name="A" time="0.002"/>
  <testcase classname="TestNG.TestNG_invocation_Count" name="B" time="0.004"/>
  <testcase classname="TestNG.TestNG_invocation_Count" name="B" time="0.003"/>
  <testcase classname="TestNG.TestNG_invocation_Count" name="B" time="0.004"/>
</testsuite> <!-- TestNG.TestNG_invocation_Count -->
