<?xml version="1.0" encoding="UTF-8"?>
<!-- Generated by org.testng.reporters.JUnitReportReporter -->
<testsuite hostname="DESKTOP-C7JRHPB" failures="0" tests="3" name="TestNG.TestNG_1" time="0.037" errors="0" timestamp="2024-10-19T00:08:26 IST" skipped="0">
  <testcase classname="TestNG.TestNG_1" name="test3" time="0.008"/>
  <testcase classname="TestNG.TestNG_1" name="test2" time="0.010"/>
  <testcase classname="TestNG.TestNG_1" name="test1" time="0.019"/>
</testsuite> <!-- TestNG.TestNG_1 -->
