<?xml version="1.0" encoding="UTF-8"?>
<!-- Generated by org.testng.reporters.JUnitReportReporter -->
<testsuite hostname="DESKTOP-C7JRHPB" failures="0" tests="3" name="TestNG.TestNG_Keywords" time="0.028" errors="0" timestamp="2024-10-19T22:16:06 IST" skipped="0">
  <testcase classname="TestNG.TestNG_Keywords" name="Openapp" time="0.022"/>
  <testcase classname="TestNG.TestNG_Keywords" name="Login" time="0.003"/>
  <testcase classname="TestNG.TestNG_Keywords" name="LogOut" time="0.003"/>
</testsuite> <!-- TestNG.TestNG_Keywords -->
