<?xml version="1.0" encoding="UTF-8"?>
<!-- Generated by org.testng.reporters.JUnitReportReporter -->
<testsuite hostname="DESKTOP-C7JRHPB" failures="0" tests="4" name="TestNG.FirstScript" time="19.896" errors="0" timestamp="2024-10-20T23:12:26 IST" skipped="0">
  <testcase classname="TestNG.FirstScript" name="OpenApp" time="16.597"/>
  <testcase classname="TestNG.FirstScript" name="TestLogo" time="3.095"/>
  <testcase classname="TestNG.FirstScript" name="TestLogin" time="0.202"/>
  <testcase classname="TestNG.FirstScript" name="CloseApp" time="0.002"/>
</testsuite> <!-- TestNG.FirstScript -->
