<?xml version="1.0" encoding="UTF-8"?>
<!-- Generated by org.testng.reporters.JUnitReportReporter -->
<testsuite hostname="DESKTOP-C7JRHPB" failures="0" tests="3" name="TestNG.TestNG_Annotations" time="0.025" errors="0" timestamp="2024-10-19T17:13:42 IST" skipped="0">
  <testcase classname="TestNG.TestNG_Annotations" name="test3" time="0.008"/>
  <testcase classname="TestNG.TestNG_Annotations" name="test2" time="0.005"/>
  <testcase classname="TestNG.TestNG_Annotations" name="test1" time="0.012"/>
</testsuite> <!-- TestNG.TestNG_Annotations -->
