<?xml version="1.0" encoding="UTF-8"?>
<!-- Generated by org.testng.reporters.JUnitReportReporter -->
<testsuite hostname="DESKTOP-C7JRHPB" failures="0" tests="4" name="TestNG.FirstScript" time="9.683" errors="0" timestamp="2024-10-19T22:36:40 IST" skipped="0">
  <testcase classname="TestNG.FirstScript" name="OpenApp" time="6.281"/>
  <testcase classname="TestNG.FirstScript" name="TestLogo" time="3.092"/>
  <testcase classname="TestNG.FirstScript" name="TestLogin" time="0.194"/>
  <testcase classname="TestNG.FirstScript" name="CloseApp" time="0.116"/>
</testsuite> <!-- TestNG.FirstScript -->
