<?xml version="1.0" encoding="UTF-8"?>
<!-- Generated by org.testng.reporters.JUnitReportReporter -->
<testsuite hostname="DESKTOP-C7JRHPB" failures="0" tests="2" name="TestNG.Second_Script" time="10.603" errors="0" timestamp="2024-10-20T17:35:49 IST" skipped="0">
  <testcase classname="TestNG.Second_Script" name="TestLogin" time="6.253"/>
  <testcase classname="TestNG.Second_Script" name="TestLogo" time="4.350"/>
</testsuite> <!-- TestNG.Second_Script -->
